(int,-1)
( ,-1)
(;,-1)
(int,-1)
( ,-1)
(count,0)
(;,-1)
(count,0)
(-,-1)
(>,-1)
(0,0)
(;,-1)
(-,-1)
(>,-1)
(1,1)
(;,-1)
(read,-1)
((,-1)
(n,1)
(),-1)
(;,-1)
(while,-1)
( ,-1)
((,-1)
(n,1)
(+,-1)
(1,1)
(>,-1)
(),-1)
(<,-1)
(<,-1)
(if,-1)
( ,-1)
((,-1)
(n,1)
( ,-1)
(%,-1)
( ,-1)
( ,-1)
( ,-1)
(0,0)
(),-1)
( ,-1)
(<,-1)
(<,-1)
( ,-1)
(count,0)
( ,-1)
(=,-1)
( ,-1)
(count,0)
( ,-1)
(+,-1)
( ,-1)
(31,2)
(;,-1)
( ,-1)
(>,-1)
(>,-1)
(=,-1)
(+,-1)
(1,1)
(;,-1)
(>,-1)
(>,-1)
(write,-1)
( ,-1)
((,-1)
(count,0)
(),-1)
(;,-1)
